# JRE version: OpenJDK Runtime Environment Temurin-21.0.9+10 (21.0.9+10) (build 21.0.9+10-LTS)
# Java VM: OpenJDK 64-Bit Server VM Temurin-21.0.9+10 (21.0.9+10-LTS, mixed mode, sharing, tiered, compressed oops, compressed class ptrs, parallel gc, windows-amd64)
GC Precious Log:
 CardTable entry size: 512
 CPUs: 4 total, 4 available
 Memory: 8078M
 Large Page Support: Disabled
 NUMA Support: Disabled
 Compressed Oops: Enabled (32-bit)
 Alignments: Space 512K, Generation 512K, Heap 2M
 Heap Min Capacity: 100M
 Heap Initial Capacity: 100M
 Heap Max Capacity: 2G
 Pre-touch: Disabled
 Parallel Workers: 4
Heap:
 PSYoungGen      total 10752K, used 5468K [0x00000000d5580000, 0x00000000d6680000, 0x0000000100000000)
  eden space 9216K, 43% used [0x00000000d5580000,0x00000000d5973fe8,0x00000000d5e80000)
  from space 1536K, 92% used [0x00000000d6500000,0x00000000d6663248,0x00000000d6680000)
  to   space 2048K, 0% used [0x00000000d6280000,0x00000000d6280000,0x00000000d6480000)
 ParOldGen       total 97792K, used 70406K [0x0000000080000000, 0x0000000085f80000, 0x00000000d5580000)
  object space 97792K, 71% used [0x0000000080000000,0x00000000844c18f0,0x0000000085f80000)
 Metaspace       used 75130K, committed 77056K, reserved 1179648K
  class space    used 7698K, committed 8512K, reserved 1048576K
GC Heap History (20 events):
Event: 14341.471 GC heap before
{Heap before GC invocations=93 (full 3):
 PSYoungGen      total 10240K, used 9094K [0x00000000d5580000, 0x00000000d6080000, 0x0000000100000000)
  eden space 9216K, 96% used [0x00000000d5580000,0x00000000d5e39ae8,0x00000000d5e80000)
  from space 1024K, 15% used [0x00000000d5f00000,0x00000000d5f28000,0x00000000d6000000)
  to   space 512K, 0% used [0x00000000d6000000,0x00000000d6000000,0x00000000d6080000)
 ParOldGen       total 95232K, used 95000K [0x0000000080000000, 0x0000000085d00000, 0x00000000d5580000)
  object space 95232K, 99% used [0x0000000080000000,0x0000000085cc6238,0x0000000085d00000)
 Metaspace       used 74591K, committed 76160K, reserved 1179648K
  class space    used 7746K, committed 8448K, reserved 1048576K
}
Event: 14341.474 GC heap after
{Heap after GC invocations=93 (full 3):
 PSYoungGen      total 9728K, used 244K [0x00000000d5580000, 0x00000000d6080000, 0x0000000100000000)
  eden space 9216K, 0% used [0x00000000d5580000,0x00000000d5580000,0x00000000d5e80000)
  from space 512K, 47% used [0x00000000d6000000,0x00000000d603d200,0x00000000d6080000)
  to   space 512K, 0% used [0x00000000d5f80000,0x00000000d5f80000,0x00000000d6000000)
 ParOldGen       total 95232K, used 95040K [0x0000000080000000, 0x0000000085d00000, 0x00000000d5580000)
  object space 95232K, 99% used [0x0000000080000000,0x0000000085cd0238,0x0000000085d00000)
 Metaspace       used 74591K, committed 76160K, reserved 1179648K
  class space    used 7746K, committed 8448K, reserved 1048576K
}
Event: 14341.535 GC heap before
{Heap before GC invocations=94 (full 3):
 PSYoungGen      total 9728K, used 9460K [0x00000000d5580000, 0x00000000d6080000, 0x0000000100000000)
  eden space 9216K, 100% used [0x00000000d5580000,0x00000000d5e80000,0x00000000d5e80000)
  from space 512K, 47% used [0x00000000d6000000,0x00000000d603d200,0x00000000d6080000)
  to   space 512K, 0% used [0x00000000d5f80000,0x00000000d5f80000,0x00000000d6000000)
 ParOldGen       total 95232K, used 95040K [0x0000000080000000, 0x0000000085d00000, 0x00000000d5580000)
  object space 95232K, 99% used [0x0000000080000000,0x0000000085cd0238,0x0000000085d00000)
 Metaspace       used 74607K, committed 76224K, reserved 1179648K
  class space    used 7751K, committed 8448K, reserved 1048576K
}
Event: 14341.547 GC heap after
{Heap after GC invocations=94 (full 3):
 PSYoungGen      total 9728K, used 489K [0x00000000d5580000, 0x00000000d7180000, 0x0000000100000000)
  eden space 9216K, 0% used [0x00000000d5580000,0x00000000d5580000,0x00000000d5e80000)
  from space 512K, 95% used [0x00000000d5f80000,0x00000000d5ffa7a8,0x00000000d6000000)
  to   space 9728K, 0% used [0x00000000d6800000,0x00000000d6800000,0x00000000d7180000)
 ParOldGen       total 102912K, used 102840K [0x0000000080000000, 0x0000000086480000, 0x00000000d5580000)
  object space 102912K, 99% used [0x0000000080000000,0x000000008646e0e0,0x0000000086480000)
 Metaspace       used 74607K, committed 76224K, reserved 1179648K
  class space    used 7751K, committed 8448K, reserved 1048576K
}
Event: 14341.823 GC heap before
{Heap before GC invocations=95 (full 3):
 PSYoungGen      total 9728K, used 9705K [0x00000000d5580000, 0x00000000d7180000, 0x0000000100000000)
  eden space 9216K, 100% used [0x00000000d5580000,0x00000000d5e80000,0x00000000d5e80000)
  from space 512K, 95% used [0x00000000d5f80000,0x00000000d5ffa7a8,0x00000000d6000000)
  to   space 9728K, 0% used [0x00000000d6800000,0x00000000d6800000,0x00000000d7180000)
 ParOldGen       total 102912K, used 102840K [0x0000000080000000, 0x0000000086480000, 0x00000000d5580000)
  object space 102912K, 99% used [0x0000000080000000,0x000000008646e0e0,0x0000000086480000)
 Metaspace       used 74781K, committed 76416K, reserved 1179648K
  class space    used 7771K, committed 8512K, reserved 1048576K
}
Event: 14341.830 GC heap after
{Heap after GC invocations=95 (full 3):
 PSYoungGen      total 11264K, used 1600K [0x00000000d5580000, 0x00000000d6a00000, 0x0000000100000000)
  eden space 9216K, 0% used [0x00000000d5580000,0x00000000d5580000,0x00000000d5e80000)
  from space 2048K, 78% used [0x00000000d6800000,0x00000000d6990000,0x00000000d6a00000)
  to   space 4096K, 0% used [0x00000000d6200000,0x00000000d6200000,0x00000000d6600000)
 ParOldGen       total 103424K, used 103316K [0x0000000080000000, 0x0000000086500000, 0x00000000d5580000)
  object space 103424K, 99% used [0x0000000080000000,0x00000000864e5188,0x0000000086500000)
 Metaspace       used 74781K, committed 76416K, reserved 1179648K
  class space    used 7771K, committed 8512K, reserved 1048576K
}
Event: 14342.001 GC heap before
{Heap before GC invocations=96 (full 3):
 PSYoungGen      total 11264K, used 10816K [0x00000000d5580000, 0x00000000d6a00000, 0x0000000100000000)
  eden space 9216K, 100% used [0x00000000d5580000,0x00000000d5e80000,0x00000000d5e80000)
  from space 2048K, 78% used [0x00000000d6800000,0x00000000d6990000,0x00000000d6a00000)
  to   space 4096K, 0% used [0x00000000d6200000,0x00000000d6200000,0x00000000d6600000)
 ParOldGen       total 103424K, used 103316K [0x0000000080000000, 0x0000000086500000, 0x00000000d5580000)
  object space 103424K, 99% used [0x0000000080000000,0x00000000864e5188,0x0000000086500000)
 Metaspace       used 74822K, committed 76480K, reserved 1179648K
  class space    used 7771K, committed 8512K, reserved 1048576K
}
Event: 14342.007 GC heap after
{Heap after GC invocations=96 (full 3):
 PSYoungGen      total 13312K, used 810K [0x00000000d5580000, 0x00000000d6880000, 0x0000000100000000)
  eden space 9216K, 0% used [0x00000000d5580000,0x00000000d5580000,0x00000000d5e80000)
  from space 4096K, 19% used [0x00000000d6200000,0x00000000d62ca930,0x00000000d6600000)
  to   space 1536K, 0% used [0x00000000d6700000,0x00000000d6700000,0x00000000d6880000)
 ParOldGen       total 104960K, used 104813K [0x0000000080000000, 0x0000000086680000, 0x00000000d5580000)
  object space 104960K, 99% used [0x0000000080000000,0x000000008665b438,0x0000000086680000)
 Metaspace       used 74822K, committed 76480K, reserved 1179648K
  class space    used 7771K, committed 8512K, reserved 1048576K
}
Event: 14342.460 GC heap before
{Heap before GC invocations=97 (full 3):
 PSYoungGen      total 13312K, used 10026K [0x00000000d5580000, 0x00000000d6880000, 0x0000000100000000)
  eden space 9216K, 100% used [0x00000000d5580000,0x00000000d5e80000,0x00000000d5e80000)
  from space 4096K, 19% used [0x00000000d6200000,0x00000000d62ca930,0x00000000d6600000)
  to   space 1536K, 0% used [0x00000000d6700000,0x00000000d6700000,0x00000000d6880000)
 ParOldGen       total 104960K, used 104813K [0x0000000080000000, 0x0000000086680000, 0x00000000d5580000)
  object space 104960K, 99% used [0x0000000080000000,0x000000008665b438,0x0000000086680000)
 Metaspace       used 75038K, committed 76672K, reserved 1179648K
  class space    used 7771K, committed 8512K, reserved 1048576K
}
Event: 14342.461 GC heap after
{Heap after GC invocations=97 (full 3):
 PSYoungGen      total 9728K, used 122K [0x00000000d5580000, 0x00000000d6780000, 0x0000000100000000)
  eden space 9216K, 0% used [0x00000000d5580000,0x00000000d5580000,0x00000000d5e80000)
  from space 512K, 23% used [0x00000000d6700000,0x00000000d671e900,0x00000000d6780000)
  to   space 512K, 0% used [0x00000000d6680000,0x00000000d6680000,0x00000000d6700000)
 ParOldGen       total 104960K, used 104893K [0x0000000080000000, 0x0000000086680000, 0x00000000d5580000)
  object space 104960K, 99% used [0x0000000080000000,0x000000008666f458,0x0000000086680000)
 Metaspace       used 75038K, committed 76672K, reserved 1179648K
  class space    used 7771K, committed 8512K, reserved 1048576K
}
Event: 14344.139 GC heap before
{Heap before GC invocations=98 (full 3):
 PSYoungGen      total 9728K, used 9338K [0x00000000d5580000, 0x00000000d6780000, 0x0000000100000000)
  eden space 9216K, 100% used [0x00000000d5580000,0x00000000d5e80000,0x00000000d5e80000)
  from space 512K, 23% used [0x00000000d6700000,0x00000000d671e900,0x00000000d6780000)
  to   space 512K, 0% used [0x00000000d6680000,0x00000000d6680000,0x00000000d6700000)
 ParOldGen       total 104960K, used 104893K [0x0000000080000000, 0x0000000086680000, 0x00000000d5580000)
  object space 104960K, 99% used [0x0000000080000000,0x000000008666f458,0x0000000086680000)
 Metaspace       used 75330K, committed 76928K, reserved 1179648K
  class space    used 7798K, committed 8512K, reserved 1048576K
}
Event: 14344.143 GC heap after
{Heap after GC invocations=98 (full 3):
 PSYoungGen      total 9728K, used 505K [0x00000000d5580000, 0x00000000d6780000, 0x0000000100000000)
  eden space 9216K, 0% used [0x00000000d5580000,0x00000000d5580000,0x00000000d5e80000)
  from space 512K, 98% used [0x00000000d6680000,0x00000000d66fe530,0x00000000d6700000)
  to   space 512K, 0% used [0x00000000d6700000,0x00000000d6700000,0x00000000d6780000)
 ParOldGen       total 105472K, used 105037K [0x0000000080000000, 0x0000000086700000, 0x00000000d5580000)
  object space 105472K, 99% used [0x0000000080000000,0x0000000086693458,0x0000000086700000)
 Metaspace       used 75330K, committed 76928K, reserved 1179648K
  class space    used 7798K, committed 8512K, reserved 1048576K
}
Event: 14346.821 GC heap before
{Heap before GC invocations=99 (full 3):
 PSYoungGen      total 9728K, used 9721K [0x00000000d5580000, 0x00000000d6780000, 0x0000000100000000)
  eden space 9216K, 100% used [0x00000000d5580000,0x00000000d5e80000,0x00000000d5e80000)
  from space 512K, 98% used [0x00000000d6680000,0x00000000d66fe530,0x00000000d6700000)
  to   space 512K, 0% used [0x00000000d6700000,0x00000000d6700000,0x00000000d6780000)
 ParOldGen       total 105472K, used 105037K [0x0000000080000000, 0x0000000086700000, 0x00000000d5580000)
  object space 105472K, 99% used [0x0000000080000000,0x0000000086693458,0x0000000086700000)
 Metaspace       used 75361K, committed 76928K, reserved 1179648K
  class space    used 7799K, committed 8512K, reserved 1048576K
}
Event: 14346.824 GC heap after
{Heap after GC invocations=99 (full 3):
 PSYoungGen      total 9728K, used 509K [0x00000000d5580000, 0x00000000d6780000, 0x0000000100000000)
  eden space 9216K, 0% used [0x00000000d5580000,0x00000000d5580000,0x00000000d5e80000)
  from space 512K, 99% used [0x00000000d6700000,0x00000000d677f7a8,0x00000000d6780000)
  to   space 2560K, 0% used [0x00000000d6280000,0x00000000d6280000,0x00000000d6500000)
 ParOldGen       total 107008K, used 106623K [0x0000000080000000, 0x0000000086880000, 0x00000000d5580000)
  object space 107008K, 99% used [0x0000000080000000,0x000000008681fc28,0x0000000086880000)
 Metaspace       used 75361K, committed 76928K, reserved 1179648K
  class space    used 7799K, committed 8512K, reserved 1048576K
}
Event: 14347.456 GC heap before
{Heap before GC invocations=100 (full 3):
 PSYoungGen      total 9728K, used 9725K [0x00000000d5580000, 0x00000000d6780000, 0x0000000100000000)
  eden space 9216K, 100% used [0x00000000d5580000,0x00000000d5e80000,0x00000000d5e80000)
  from space 512K, 99% used [0x00000000d6700000,0x00000000d677f7a8,0x00000000d6780000)
  to   space 2560K, 0% used [0x00000000d6280000,0x00000000d6280000,0x00000000d6500000)
 ParOldGen       total 107008K, used 106623K [0x0000000080000000, 0x0000000086880000, 0x00000000d5580000)
  object space 107008K, 99% used [0x0000000080000000,0x000000008681fc28,0x0000000086880000)
 Metaspace       used 75466K, committed 77056K, reserved 1179648K
  class space    used 7800K, committed 8512K, reserved 1048576K
}
Event: 14347.462 GC heap after
{Heap after GC invocations=100 (full 3):
 PSYoungGen      total 9728K, used 9725K [0x00000000d5580000, 0x00000000d6780000, 0x0000000100000000)
  eden space 9216K, 100% used [0x00000000d5580000,0x00000000d5e80000,0x00000000d5e80000)
  from space 512K, 99% used [0x00000000d6700000,0x00000000d677f7a8,0x00000000d6780000)
  to   space 2560K, 78% used [0x00000000d6280000,0x00000000d6473b00,0x00000000d6500000)
 ParOldGen       total 107008K, used 107005K [0x0000000080000000, 0x0000000086880000, 0x00000000d5580000)
  object space 107008K, 99% used [0x0000000080000000,0x000000008687f6a0,0x0000000086880000)
 Metaspace       used 75466K, committed 77056K, reserved 1179648K
  class space    used 7800K, committed 8512K, reserved 1048576K
}
Event: 14347.462 GC heap before
{Heap before GC invocations=101 (full 4):
 PSYoungGen      total 9728K, used 9725K [0x00000000d5580000, 0x00000000d6780000, 0x0000000100000000)
  eden space 9216K, 100% used [0x00000000d5580000,0x00000000d5e80000,0x00000000d5e80000)
  from space 512K, 99% used [0x00000000d6700000,0x00000000d677f7a8,0x00000000d6780000)
  to   space 2560K, 78% used [0x00000000d6280000,0x00000000d6473b00,0x00000000d6500000)
 ParOldGen       total 107008K, used 107005K [0x0000000080000000, 0x0000000086880000, 0x00000000d5580000)
  object space 107008K, 99% used [0x0000000080000000,0x000000008687f6a0,0x0000000086880000)
 Metaspace       used 75466K, committed 77056K, reserved 1179648K
  class space    used 7800K, committed 8512K, reserved 1048576K
}
Event: 14348.752 GC heap after
{Heap after GC invocations=101 (full 4):
 PSYoungGen      total 11776K, used 0K [0x00000000d5580000, 0x00000000d6780000, 0x0000000100000000)
  eden space 9216K, 0% used [0x00000000d5580000,0x00000000d5580000,0x00000000d5e80000)
  from space 2560K, 0% used [0x00000000d6280000,0x00000000d6280000,0x00000000d6500000)
  to   space 2560K, 0% used [0x00000000d6500000,0x00000000d6500000,0x00000000d6780000)
 ParOldGen       total 97792K, used 70406K [0x0000000080000000, 0x0000000085f80000, 0x00000000d5580000)
  object space 97792K, 71% used [0x0000000080000000,0x00000000844c18f0,0x0000000085f80000)
 Metaspace       used 75049K, committed 77056K, reserved 1179648K
  class space    used 7698K, committed 8512K, reserved 1048576K
}
Event: 14349.227 GC heap before
{Heap before GC invocations=102 (full 4):
 PSYoungGen      total 11776K, used 9207K [0x00000000d5580000, 0x00000000d6780000, 0x0000000100000000)
  eden space 9216K, 99% used [0x00000000d5580000,0x00000000d5e7dee0,0x00000000d5e80000)
  from space 2560K, 0% used [0x00000000d6280000,0x00000000d6280000,0x00000000d6500000)
  to   space 2560K, 0% used [0x00000000d6500000,0x00000000d6500000,0x00000000d6780000)
 ParOldGen       total 97792K, used 70406K [0x0000000080000000, 0x0000000085f80000, 0x00000000d5580000)
  object space 97792K, 71% used [0x0000000080000000,0x00000000844c18f0,0x0000000085f80000)
 Metaspace       used 75105K, committed 77056K, reserved 1179648K
  class space    used 7698K, committed 8512K, reserved 1048576K
}
Event: 14349.230 GC heap after
{Heap after GC invocations=102 (full 4):
 PSYoungGen      total 10752K, used 1420K [0x00000000d5580000, 0x00000000d6680000, 0x0000000100000000)
  eden space 9216K, 0% used [0x00000000d5580000,0x00000000d5580000,0x00000000d5e80000)
  from space 1536K, 92% used [0x00000000d6500000,0x00000000d6663248,0x00000000d6680000)
  to   space 2048K, 0% used [0x00000000d6280000,0x00000000d6280000,0x00000000d6480000)
 ParOldGen       total 97792K, used 70406K [0x0000000080000000, 0x0000000085f80000, 0x00000000d5580000)
  object space 97792K, 71% used [0x0000000080000000,0x00000000844c18f0,0x0000000085f80000)
 Metaspace       used 75105K, committed 77056K, reserved 1179648K
  class space    used 7698K, committed 8512K, reserved 1048576K
}

