# JRE version: OpenJDK Runtime Environment Temurin-21.0.9+10 (21.0.9+10) (build 21.0.9+10-LTS)
# Java VM: OpenJDK 64-Bit Server VM Temurin-21.0.9+10 (21.0.9+10-LTS, mixed mode, sharing, tiered, compressed oops, compressed class ptrs, parallel gc, windows-amd64)
GC Precious Log:
 CardTable entry size: 512
 CPUs: 4 total, 4 available
 Memory: 8078M
 Large Page Support: Disabled
 NUMA Support: Disabled
 Compressed Oops: Enabled (32-bit)
 Alignments: Space 512K, Generation 512K, Heap 2M
 Heap Min Capacity: 100M
 Heap Initial Capacity: 100M
 Heap Max Capacity: 2G
 Pre-touch: Disabled
 Parallel Workers: 4
Heap:
 PSYoungGen      total 2048K, used 255K [0x00000000d5580000, 0x00000000d5900000, 0x0000000100000000)
  eden space 1536K, 6% used [0x00000000d5580000,0x00000000d5597f70,0x00000000d5700000)
  from space 512K, 31% used [0x00000000d5880000,0x00000000d58a8000,0x00000000d5900000)
  to   space 512K, 0% used [0x00000000d5800000,0x00000000d5800000,0x00000000d5880000)
 ParOldGen       total 349696K, used 349305K [0x0000000080000000, 0x0000000095580000, 0x00000000d5580000)
  object space 349696K, 99% used [0x0000000080000000,0x000000009551e618,0x0000000095580000)
 Metaspace       used 80525K, committed 82304K, reserved 1179648K
  class space    used 8267K, committed 9088K, reserved 1048576K
GC Heap History (20 events):
Event: 401.320 GC heap before
{Heap before GC invocations=612 (full 4):
 PSYoungGen      total 2048K, used 1963K [0x00000000d5580000, 0x00000000d5d00000, 0x0000000100000000)
  eden space 1536K, 96% used [0x00000000d5580000,0x00000000d56f0d98,0x00000000d5700000)
  from space 512K, 95% used [0x00000000d5980000,0x00000000d59fa068,0x00000000d5a00000)
  to   space 2560K, 0% used [0x00000000d5700000,0x00000000d5700000,0x00000000d5980000)
 ParOldGen       total 346112K, used 345899K [0x0000000080000000, 0x0000000095200000, 0x00000000d5580000)
  object space 346112K, 99% used [0x0000000080000000,0x00000000951caec8,0x0000000095200000)
 Metaspace       used 80197K, committed 81920K, reserved 1179648K
  class space    used 8235K, committed 9024K, reserved 1048576K
}
Event: 401.324 GC heap after
{Heap after GC invocations=612 (full 4):
 PSYoungGen      total 3072K, used 1254K [0x00000000d5580000, 0x00000000d5b00000, 0x0000000100000000)
  eden space 1536K, 0% used [0x00000000d5580000,0x00000000d5580000,0x00000000d5700000)
  from space 1536K, 81% used [0x00000000d5700000,0x00000000d5839918,0x00000000d5880000)
  to   space 2048K, 0% used [0x00000000d5900000,0x00000000d5900000,0x00000000d5b00000)
 ParOldGen       total 346624K, used 346398K [0x0000000080000000, 0x0000000095280000, 0x00000000d5580000)
  object space 346624K, 99% used [0x0000000080000000,0x0000000095247ac0,0x0000000095280000)
 Metaspace       used 80197K, committed 81920K, reserved 1179648K
  class space    used 8235K, committed 9024K, reserved 1048576K
}
Event: 401.336 GC heap before
{Heap before GC invocations=613 (full 4):
 PSYoungGen      total 3072K, used 2789K [0x00000000d5580000, 0x00000000d5b00000, 0x0000000100000000)
  eden space 1536K, 99% used [0x00000000d5580000,0x00000000d56ffb28,0x00000000d5700000)
  from space 1536K, 81% used [0x00000000d5700000,0x00000000d5839918,0x00000000d5880000)
  to   space 2048K, 0% used [0x00000000d5900000,0x00000000d5900000,0x00000000d5b00000)
 ParOldGen       total 346624K, used 346398K [0x0000000080000000, 0x0000000095280000, 0x00000000d5580000)
  object space 346624K, 99% used [0x0000000080000000,0x0000000095247ac0,0x0000000095280000)
 Metaspace       used 80197K, committed 81920K, reserved 1179648K
  class space    used 8235K, committed 9024K, reserved 1048576K
}
Event: 401.340 GC heap after
{Heap after GC invocations=613 (full 4):
 PSYoungGen      total 3072K, used 1319K [0x00000000d5580000, 0x00000000d5a80000, 0x0000000100000000)
  eden space 1536K, 0% used [0x00000000d5580000,0x00000000d5580000,0x00000000d5700000)
  from space 1536K, 85% used [0x00000000d5900000,0x00000000d5a49fd0,0x00000000d5a80000)
  to   space 1536K, 0% used [0x00000000d5700000,0x00000000d5700000,0x00000000d5880000)
 ParOldGen       total 347648K, used 347566K [0x0000000080000000, 0x0000000095380000, 0x00000000d5580000)
  object space 347648K, 99% used [0x0000000080000000,0x000000009536b9d8,0x0000000095380000)
 Metaspace       used 80197K, committed 81920K, reserved 1179648K
  class space    used 8235K, committed 9024K, reserved 1048576K
}
Event: 401.357 GC heap before
{Heap before GC invocations=614 (full 4):
 PSYoungGen      total 3072K, used 2855K [0x00000000d5580000, 0x00000000d5a80000, 0x0000000100000000)
  eden space 1536K, 100% used [0x00000000d5580000,0x00000000d5700000,0x00000000d5700000)
  from space 1536K, 85% used [0x00000000d5900000,0x00000000d5a49fd0,0x00000000d5a80000)
  to   space 1536K, 0% used [0x00000000d5700000,0x00000000d5700000,0x00000000d5880000)
 ParOldGen       total 347648K, used 347566K [0x0000000080000000, 0x0000000095380000, 0x00000000d5580000)
  object space 347648K, 99% used [0x0000000080000000,0x000000009536b9d8,0x0000000095380000)
 Metaspace       used 80197K, committed 81920K, reserved 1179648K
  class space    used 8235K, committed 9024K, reserved 1048576K
}
Event: 401.361 GC heap after
{Heap after GC invocations=614 (full 4):
 PSYoungGen      total 3072K, used 1440K [0x00000000d5580000, 0x00000000d5a00000, 0x0000000100000000)
  eden space 1536K, 0% used [0x00000000d5580000,0x00000000d5580000,0x00000000d5700000)
  from space 1536K, 93% used [0x00000000d5700000,0x00000000d58683e0,0x00000000d5880000)
  to   space 1536K, 0% used [0x00000000d5880000,0x00000000d5880000,0x00000000d5a00000)
 ParOldGen       total 349184K, used 348792K [0x0000000080000000, 0x0000000095500000, 0x00000000d5580000)
  object space 349184K, 99% used [0x0000000080000000,0x000000009549e218,0x0000000095500000)
 Metaspace       used 80197K, committed 81920K, reserved 1179648K
  class space    used 8235K, committed 9024K, reserved 1048576K
}
Event: 401.616 GC heap before
{Heap before GC invocations=615 (full 4):
 PSYoungGen      total 3072K, used 2976K [0x00000000d5580000, 0x00000000d5a00000, 0x0000000100000000)
  eden space 1536K, 100% used [0x00000000d5580000,0x00000000d5700000,0x00000000d5700000)
  from space 1536K, 93% used [0x00000000d5700000,0x00000000d58683e0,0x00000000d5880000)
  to   space 1536K, 0% used [0x00000000d5880000,0x00000000d5880000,0x00000000d5a00000)
 ParOldGen       total 349184K, used 348792K [0x0000000080000000, 0x0000000095500000, 0x00000000d5580000)
  object space 349184K, 99% used [0x0000000080000000,0x000000009549e218,0x0000000095500000)
 Metaspace       used 80197K, committed 81920K, reserved 1179648K
  class space    used 8235K, committed 9024K, reserved 1048576K
}
Event: 401.617 GC heap after
{Heap after GC invocations=615 (full 4):
 PSYoungGen      total 2048K, used 180K [0x00000000d5580000, 0x00000000d5900000, 0x0000000100000000)
  eden space 1536K, 0% used [0x00000000d5580000,0x00000000d5580000,0x00000000d5700000)
  from space 512K, 35% used [0x00000000d5880000,0x00000000d58ad200,0x00000000d5900000)
  to   space 1024K, 0% used [0x00000000d5700000,0x00000000d5700000,0x00000000d5800000)
 ParOldGen       total 349184K, used 348864K [0x0000000080000000, 0x0000000095500000, 0x00000000d5580000)
  object space 349184K, 99% used [0x0000000080000000,0x00000000954b0218,0x0000000095500000)
 Metaspace       used 80197K, committed 81920K, reserved 1179648K
  class space    used 8235K, committed 9024K, reserved 1048576K
}
Event: 401.625 GC heap before
{Heap before GC invocations=616 (full 4):
 PSYoungGen      total 2048K, used 1716K [0x00000000d5580000, 0x00000000d5900000, 0x0000000100000000)
  eden space 1536K, 100% used [0x00000000d5580000,0x00000000d5700000,0x00000000d5700000)
  from space 512K, 35% used [0x00000000d5880000,0x00000000d58ad200,0x00000000d5900000)
  to   space 1024K, 0% used [0x00000000d5700000,0x00000000d5700000,0x00000000d5800000)
 ParOldGen       total 349184K, used 348864K [0x0000000080000000, 0x0000000095500000, 0x00000000d5580000)
  object space 349184K, 99% used [0x0000000080000000,0x00000000954b0218,0x0000000095500000)
 Metaspace       used 80197K, committed 81920K, reserved 1179648K
  class space    used 8235K, committed 9024K, reserved 1048576K
}
Event: 401.627 GC heap after
{Heap after GC invocations=616 (full 4):
 PSYoungGen      total 2560K, used 448K [0x00000000d5580000, 0x00000000d5900000, 0x0000000100000000)
  eden space 1536K, 0% used [0x00000000d5580000,0x00000000d5580000,0x00000000d5700000)
  from space 1024K, 43% used [0x00000000d5700000,0x00000000d5770000,0x00000000d5800000)
  to   space 512K, 0% used [0x00000000d5880000,0x00000000d5880000,0x00000000d5900000)
 ParOldGen       total 349184K, used 349021K [0x0000000080000000, 0x0000000095500000, 0x00000000d5580000)
  object space 349184K, 99% used [0x0000000080000000,0x00000000954d7418,0x0000000095500000)
 Metaspace       used 80197K, committed 81920K, reserved 1179648K
  class space    used 8235K, committed 9024K, reserved 1048576K
}
Event: 401.642 GC heap before
{Heap before GC invocations=617 (full 4):
 PSYoungGen      total 2560K, used 1984K [0x00000000d5580000, 0x00000000d5900000, 0x0000000100000000)
  eden space 1536K, 100% used [0x00000000d5580000,0x00000000d5700000,0x00000000d5700000)
  from space 1024K, 43% used [0x00000000d5700000,0x00000000d5770000,0x00000000d5800000)
  to   space 512K, 0% used [0x00000000d5880000,0x00000000d5880000,0x00000000d5900000)
 ParOldGen       total 349184K, used 349021K [0x0000000080000000, 0x0000000095500000, 0x00000000d5580000)
  object space 349184K, 99% used [0x0000000080000000,0x00000000954d7418,0x0000000095500000)
 Metaspace       used 80223K, committed 81920K, reserved 1179648K
  class space    used 8240K, committed 9024K, reserved 1048576K
}
Event: 401.644 GC heap after
{Heap after GC invocations=617 (full 4):
 PSYoungGen      total 2048K, used 282K [0x00000000d5580000, 0x00000000d5900000, 0x0000000100000000)
  eden space 1536K, 0% used [0x00000000d5580000,0x00000000d5580000,0x00000000d5700000)
  from space 512K, 55% used [0x00000000d5880000,0x00000000d58c6900,0x00000000d5900000)
  to   space 512K, 0% used [0x00000000d5800000,0x00000000d5800000,0x00000000d5880000)
 ParOldGen       total 349184K, used 349045K [0x0000000080000000, 0x0000000095500000, 0x00000000d5580000)
  object space 349184K, 99% used [0x0000000080000000,0x00000000954dd418,0x0000000095500000)
 Metaspace       used 80223K, committed 81920K, reserved 1179648K
  class space    used 8240K, committed 9024K, reserved 1048576K
}
Event: 401.649 GC heap before
{Heap before GC invocations=618 (full 4):
 PSYoungGen      total 2048K, used 1818K [0x00000000d5580000, 0x00000000d5900000, 0x0000000100000000)
  eden space 1536K, 100% used [0x00000000d5580000,0x00000000d5700000,0x00000000d5700000)
  from space 512K, 55% used [0x00000000d5880000,0x00000000d58c6900,0x00000000d5900000)
  to   space 512K, 0% used [0x00000000d5800000,0x00000000d5800000,0x00000000d5880000)
 ParOldGen       total 349184K, used 349045K [0x0000000080000000, 0x0000000095500000, 0x00000000d5580000)
  object space 349184K, 99% used [0x0000000080000000,0x00000000954dd418,0x0000000095500000)
 Metaspace       used 80223K, committed 81920K, reserved 1179648K
  class space    used 8240K, committed 9024K, reserved 1048576K
}
Event: 401.651 GC heap after
{Heap after GC invocations=618 (full 4):
 PSYoungGen      total 2048K, used 416K [0x00000000d5580000, 0x00000000d5900000, 0x0000000100000000)
  eden space 1536K, 0% used [0x00000000d5580000,0x00000000d5580000,0x00000000d5700000)
  from space 512K, 81% used [0x00000000d5800000,0x00000000d5868000,0x00000000d5880000)
  to   space 512K, 0% used [0x00000000d5880000,0x00000000d5880000,0x00000000d5900000)
 ParOldGen       total 349184K, used 349137K [0x0000000080000000, 0x0000000095500000, 0x00000000d5580000)
  object space 349184K, 99% used [0x0000000080000000,0x00000000954f4618,0x0000000095500000)
 Metaspace       used 80223K, committed 81920K, reserved 1179648K
  class space    used 8240K, committed 9024K, reserved 1048576K
}
Event: 447.932 GC heap before
{Heap before GC invocations=619 (full 4):
 PSYoungGen      total 2048K, used 1952K [0x00000000d5580000, 0x00000000d5900000, 0x0000000100000000)
  eden space 1536K, 100% used [0x00000000d5580000,0x00000000d5700000,0x00000000d5700000)
  from space 512K, 81% used [0x00000000d5800000,0x00000000d5868000,0x00000000d5880000)
  to   space 512K, 0% used [0x00000000d5880000,0x00000000d5880000,0x00000000d5900000)
 ParOldGen       total 349184K, used 349137K [0x0000000080000000, 0x0000000095500000, 0x00000000d5580000)
  object space 349184K, 99% used [0x0000000080000000,0x00000000954f4618,0x0000000095500000)
 Metaspace       used 80255K, committed 82112K, reserved 1179648K
  class space    used 8246K, committed 9088K, reserved 1048576K
}
Event: 447.935 GC heap after
{Heap after GC invocations=619 (full 4):
 PSYoungGen      total 2048K, used 96K [0x00000000d5580000, 0x00000000d5900000, 0x0000000100000000)
  eden space 1536K, 0% used [0x00000000d5580000,0x00000000d5580000,0x00000000d5700000)
  from space 512K, 18% used [0x00000000d5880000,0x00000000d5898000,0x00000000d5900000)
  to   space 512K, 0% used [0x00000000d5800000,0x00000000d5800000,0x00000000d5880000)
 ParOldGen       total 349184K, used 349177K [0x0000000080000000, 0x0000000095500000, 0x00000000d5580000)
  object space 349184K, 99% used [0x0000000080000000,0x00000000954fe618,0x0000000095500000)
 Metaspace       used 80255K, committed 82112K, reserved 1179648K
  class space    used 8246K, committed 9088K, reserved 1048576K
}
Event: 447.992 GC heap before
{Heap before GC invocations=620 (full 4):
 PSYoungGen      total 2048K, used 1632K [0x00000000d5580000, 0x00000000d5900000, 0x0000000100000000)
  eden space 1536K, 100% used [0x00000000d5580000,0x00000000d5700000,0x00000000d5700000)
  from space 512K, 18% used [0x00000000d5880000,0x00000000d5898000,0x00000000d5900000)
  to   space 512K, 0% used [0x00000000d5800000,0x00000000d5800000,0x00000000d5880000)
 ParOldGen       total 349184K, used 349177K [0x0000000080000000, 0x0000000095500000, 0x00000000d5580000)
  object space 349184K, 99% used [0x0000000080000000,0x00000000954fe618,0x0000000095500000)
 Metaspace       used 80489K, committed 82304K, reserved 1179648K
  class space    used 8266K, committed 9088K, reserved 1048576K
}
Event: 447.994 GC heap after
{Heap after GC invocations=620 (full 4):
 PSYoungGen      total 2048K, used 160K [0x00000000d5580000, 0x00000000d5900000, 0x0000000100000000)
  eden space 1536K, 0% used [0x00000000d5580000,0x00000000d5580000,0x00000000d5700000)
  from space 512K, 31% used [0x00000000d5800000,0x00000000d5828000,0x00000000d5880000)
  to   space 512K, 0% used [0x00000000d5880000,0x00000000d5880000,0x00000000d5900000)
 ParOldGen       total 349696K, used 349209K [0x0000000080000000, 0x0000000095580000, 0x00000000d5580000)
  object space 349696K, 99% used [0x0000000080000000,0x0000000095506618,0x0000000095580000)
 Metaspace       used 80489K, committed 82304K, reserved 1179648K
  class space    used 8266K, committed 9088K, reserved 1048576K
}
Event: 468.495 GC heap before
{Heap before GC invocations=621 (full 4):
 PSYoungGen      total 2048K, used 1695K [0x00000000d5580000, 0x00000000d5900000, 0x0000000100000000)
  eden space 1536K, 99% used [0x00000000d5580000,0x00000000d56ffff8,0x00000000d5700000)
  from space 512K, 31% used [0x00000000d5800000,0x00000000d5828000,0x00000000d5880000)
  to   space 512K, 0% used [0x00000000d5880000,0x00000000d5880000,0x00000000d5900000)
 ParOldGen       total 349696K, used 349209K [0x0000000080000000, 0x0000000095580000, 0x00000000d5580000)
  object space 349696K, 99% used [0x0000000080000000,0x0000000095506618,0x0000000095580000)
 Metaspace       used 80503K, committed 82304K, reserved 1179648K
  class space    used 8267K, committed 9088K, reserved 1048576K
}
Event: 468.500 GC heap after
{Heap after GC invocations=621 (full 4):
 PSYoungGen      total 2048K, used 160K [0x00000000d5580000, 0x00000000d5900000, 0x0000000100000000)
  eden space 1536K, 0% used [0x00000000d5580000,0x00000000d5580000,0x00000000d5700000)
  from space 512K, 31% used [0x00000000d5880000,0x00000000d58a8000,0x00000000d5900000)
  to   space 512K, 0% used [0x00000000d5800000,0x00000000d5800000,0x00000000d5880000)
 ParOldGen       total 349696K, used 349305K [0x0000000080000000, 0x0000000095580000, 0x00000000d5580000)
  object space 349696K, 99% used [0x0000000080000000,0x000000009551e618,0x0000000095580000)
 Metaspace       used 80503K, committed 82304K, reserved 1179648K
  class space    used 8267K, committed 9088K, reserved 1048576K
}

